\BOOKMARK [0][-]{section*.1}{\376\377\000D\000e\000c\000l\000a\000r\000a\000t\000i\000o\000n\000\040\000o\000f\000\040\000A\000u\000t\000h\000o\000r\000s\000h\000i\000p}{}
\BOOKMARK [0][-]{section*.1}{\376\377\000A\000b\000s\000t\000r\000a\000c\000t}{}
\BOOKMARK [0][-]{section*.1}{\376\377\000A\000c\000k\000n\000o\000w\000l\000e\000d\000g\000e\000m\000e\000n\000t\000s}{}
\BOOKMARK [0][-]{chapter*.2}{\376\377\000L\000i\000s\000t\000\040\000o\000f\000\040\000F\000i\000g\000u\000r\000e\000s}{}
\BOOKMARK [0][-]{chapter*.3}{\376\377\000L\000i\000s\000t\000\040\000o\000f\000\040\000T\000a\000b\000l\000e\000s}{}
\BOOKMARK [0][-]{chapter*.4}{\376\377\000A\000b\000b\000r\000e\000v\000i\000a\000t\000i\000o\000n\000s}{}
\BOOKMARK [0][-]{chapter*.5}{\376\377\000P\000h\000y\000s\000i\000c\000a\000l\000\040\000C\000o\000n\000s\000t\000a\000n\000t\000s}{}
\BOOKMARK [0][-]{chapter*.6}{\376\377\000S\000y\000m\000b\000o\000l\000s}{}
\BOOKMARK [0][-]{chapter*.7}{\376\377\0001\000.\000\040\000I\000n\000t\000r\000o\000d\000u\000c\000t\000i\000o\000n}{}
\BOOKMARK [0][-]{chapter*.7}{\376\377\0002\000.\000\040\000L\000i\000t\000e\000r\000a\000t\000u\000r\000e\000\040\000R\000e\000v\000i\000e\000w}{}
\BOOKMARK [1][-]{section*.8}{\376\377\0002\000.\0001\000.\000\040\000I\000n\000t\000r\000o\000d\000u\000c\000t\000i\000o\000n}{chapter*.7}
\BOOKMARK [1][-]{section*.8}{\376\377\0002\000.\0002\000.\000\040\000M\000P\000I}{chapter*.7}
\BOOKMARK [2][-]{section*.9}{\376\377\0002\000.\0002\000.\0001\000.\000\040\000O\000p\000e\000n\000M\000P\000I}{section*.8}
\BOOKMARK [2][-]{section*.9}{\376\377\0002\000.\0002\000.\0002\000.\000\040\000M\000P\000I\000C\000H}{section*.8}
\BOOKMARK [1][-]{section*.9}{\376\377\0002\000.\0003\000.\000\040\000M\000o\000d\000e\000l\000l\000i\000n\000g\000\040\000a\000n\000d\000\040\000S\000i\000m\000u\000l\000a\000t\000i\000o\000n}{chapter*.7}
\BOOKMARK [2][-]{section*.10}{\376\377\0002\000.\0003\000.\0001\000.\000\040\000A\000d\000v\000a\000n\000t\000a\000g\000e\000s\000\040\000o\000f\000\040\000M\000o\000d\000e\000l\000i\000n\000g}{section*.9}
\BOOKMARK [2][-]{section*.10}{\376\377\0002\000.\0003\000.\0002\000.\000\040\000A\000n\000a\000l\000y\000t\000i\000c\000a\000l\000\040\000a\000n\000d\000\040\000S\000i\000m\000u\000l\000a\000t\000i\000o\000n\000\040\000M\000o\000d\000e\000l\000s}{section*.9}
\BOOKMARK [1][-]{section*.10}{\376\377\0002\000.\0004\000.\000\040\000O\000f\000f\000-\000l\000i\000n\000e\000\040\000a\000n\000d\000\040\000p\000a\000r\000t\000i\000a\000l\000\040\000o\000n\000-\000l\000i\000n\000e\000\040\000s\000i\000m\000u\000l\000a\000t\000i\000o\000n}{chapter*.7}
\BOOKMARK [2][-]{section*.11}{\376\377\0002\000.\0004\000.\0001\000.\000\040\000O\000f\000f\000-\000l\000i\000n\000e\000\040\000s\000i\000m\000u\000l\000a\000t\000i\000o\000n}{section*.10}
\BOOKMARK [2][-]{section*.11}{\376\377\0002\000.\0004\000.\0002\000.\000\040\000P\000a\000r\000t\000i\000a\000l\000\040\000o\000n\000-\000l\000i\000n\000e\000\040\000s\000i\000m\000u\000l\000a\000t\000i\000o\000n}{section*.10}
\BOOKMARK [1][-]{section*.11}{\376\377\0002\000.\0005\000.\000\040\000S\000i\000m\000G\000r\000i\000d}{chapter*.7}
\BOOKMARK [1][-]{section*.11}{\376\377\0002\000.\0006\000.\000\040\000S\000M\000P\000I}{chapter*.7}
\BOOKMARK [1][-]{section*.11}{\376\377\0002\000.\0007\000.\000\040\000S\000T\000A\000R\000-\000M\000P\000I}{chapter*.7}
\BOOKMARK [0][-]{section*.11}{\376\377\0003\000.\000\040\000P\000r\000o\000b\000l\000e\000m\000\040\000D\000e\000s\000c\000r\000i\000p\000t\000i\000o\000n}{}
\BOOKMARK [1][-]{section*.12}{\376\377\0003\000.\0001\000.\000\040\000R\000e\000p\000r\000o\000d\000u\000c\000i\000b\000l\000e\000\040\000r\000e\000s\000e\000a\000r\000c\000h}{section*.11}
\BOOKMARK [1][-]{section*.12}{\376\377\0003\000.\0002\000.\000\040\000T\000e\000s\000t\000i\000n\000g\000\040\000f\000r\000a\000m\000e\000w\000o\000r\000k}{section*.11}
\BOOKMARK [1][-]{section*.12}{\376\377\0003\000.\0003\000.\000\040\000T\000h\000e\000\040\000t\000e\000s\000t\000i\000n\000g\000\040\000p\000r\000o\000c\000e\000s\000s}{section*.11}
\BOOKMARK [2][-]{section*.13}{\376\377\0003\000.\0003\000.\0001\000.\000\040\000S\000G\000\040\000t\000r\000a\000c\000e\000s}{section*.12}
\BOOKMARK [2][-]{section*.13}{\376\377\0003\000.\0003\000.\0002\000.\000\040\000R\000L\000\040\000t\000r\000a\000c\000e\000s}{section*.12}
\BOOKMARK [1][-]{section*.13}{\376\377\0003\000.\0004\000.\000\040\000I\000n\000s\000t\000r\000u\000m\000e\000n\000t\000a\000t\000i\000o\000n\000\040\000o\000v\000e\000r\000h\000e\000a\000d}{section*.11}
\BOOKMARK [1][-]{section*.13}{\376\377\0003\000.\0005\000.\000\040\000C\000l\000o\000c\000k\000\040\000s\000y\000n\000c\000h\000r\000o\000n\000i\000z\000a\000t\000i\000o\000n}{section*.11}
\BOOKMARK [0][-]{section*.13}{\376\377\0004\000.\000\040\000I\000m\000p\000l\000e\000m\000e\000n\000t\000a\000t\000i\000o\000n}{}
\BOOKMARK [0][-]{section*.13}{\376\377\0005\000.\000\040\000E\000v\000a\000l\000u\000a\000t\000i\000o\000n\000\040\000P\000l\000a\000n}{}
\BOOKMARK [0][-]{section*.13}{\376\377\0006\000.\000\040\000R\000e\000s\000u\000l\000t\000s}{}
\BOOKMARK [0][-]{section*.13}{\376\377\0007\000.\000\040\000C\000o\000n\000c\000l\000u\000s\000i\000o\000n}{}
\BOOKMARK [0][-]{section*.13}{\376\377\000A\000.\000\040\000A\000p\000p\000e\000n\000d\000i\000x\000\040\000T\000i\000t\000l\000e\000\040\000H\000e\000r\000e}{}
\BOOKMARK [0][-]{section*.13}{\376\377\000I\000r\000o\000d\000a\000l\000o\000m\000j\000e\000g\000y\000z\000\351\000k}{}
